

Started GET "/" for 127.0.0.1 at 2016-07-17 21:56:05 -0400

ActiveRecord::PendingMigrationError (

Migrations are pending. To resolve this issue, run:

	bin/rake db:migrate RAILS_ENV=development

):
  activerecord (4.2.5) lib/active_record/migration.rb:392:in `check_pending!'
  activerecord (4.2.5) lib/active_record/migration.rb:373:in `call'
  actionpack (4.2.5) lib/action_dispatch/middleware/callbacks.rb:29:in `block in call'
  activesupport (4.2.5) lib/active_support/callbacks.rb:88:in `__run_callbacks__'
  activesupport (4.2.5) lib/active_support/callbacks.rb:778:in `_run_call_callbacks'
  activesupport (4.2.5) lib/active_support/callbacks.rb:81:in `run_callbacks'
  actionpack (4.2.5) lib/action_dispatch/middleware/callbacks.rb:27:in `call'
  actionpack (4.2.5) lib/action_dispatch/middleware/reloader.rb:73:in `call'
  actionpack (4.2.5) lib/action_dispatch/middleware/remote_ip.rb:78:in `call'
  actionpack (4.2.5) lib/action_dispatch/middleware/debug_exceptions.rb:17:in `call'
  web-console (2.3.0) lib/web_console/middleware.rb:28:in `block in call'
  web-console (2.3.0) lib/web_console/middleware.rb:18:in `catch'
  web-console (2.3.0) lib/web_console/middleware.rb:18:in `call'
  actionpack (4.2.5) lib/action_dispatch/middleware/show_exceptions.rb:30:in `call'
  railties (4.2.5) lib/rails/rack/logger.rb:38:in `call_app'
  railties (4.2.5) lib/rails/rack/logger.rb:20:in `block in call'
  activesupport (4.2.5) lib/active_support/tagged_logging.rb:68:in `block in tagged'
  activesupport (4.2.5) lib/active_support/tagged_logging.rb:26:in `tagged'
  activesupport (4.2.5) lib/active_support/tagged_logging.rb:68:in `tagged'
  railties (4.2.5) lib/rails/rack/logger.rb:20:in `call'
  actionpack (4.2.5) lib/action_dispatch/middleware/request_id.rb:21:in `call'
  rack (1.6.4) lib/rack/methodoverride.rb:22:in `call'
  rack (1.6.4) lib/rack/runtime.rb:18:in `call'
  activesupport (4.2.5) lib/active_support/cache/strategy/local_cache_middleware.rb:28:in `call'
  rack (1.6.4) lib/rack/lock.rb:17:in `call'
  actionpack (4.2.5) lib/action_dispatch/middleware/static.rb:116:in `call'
  rack (1.6.4) lib/rack/sendfile.rb:113:in `call'
  railties (4.2.5) lib/rails/engine.rb:518:in `call'
  railties (4.2.5) lib/rails/application.rb:165:in `call'
  rack (1.6.4) lib/rack/lock.rb:17:in `call'
  rack (1.6.4) lib/rack/content_length.rb:15:in `call'
  rack (1.6.4) lib/rack/handler/webrick.rb:88:in `service'
  /home/whales/.rvm/rubies/ruby-2.3.1/lib/ruby/2.3.0/webrick/httpserver.rb:140:in `service'
  /home/whales/.rvm/rubies/ruby-2.3.1/lib/ruby/2.3.0/webrick/httpserver.rb:96:in `run'
  /home/whales/.rvm/rubies/ruby-2.3.1/lib/ruby/2.3.0/webrick/server.rb:296:in `block in start_thread'


  Rendered /home/whales/.rvm/gems/ruby-2.3.1/gems/actionpack-4.2.5/lib/action_dispatch/middleware/templates/rescues/_source.erb (2.5ms)
  Rendered /home/whales/.rvm/gems/ruby-2.3.1/gems/actionpack-4.2.5/lib/action_dispatch/middleware/templates/rescues/_trace.html.erb (1.5ms)
  Rendered /home/whales/.rvm/gems/ruby-2.3.1/gems/actionpack-4.2.5/lib/action_dispatch/middleware/templates/rescues/_request_and_response.html.erb (0.8ms)
  Rendered /home/whales/.rvm/gems/ruby-2.3.1/gems/actionpack-4.2.5/lib/action_dispatch/middleware/templates/rescues/diagnostics.html.erb within rescues/layout (15.9ms)
  Rendered /home/whales/.rvm/gems/ruby-2.3.1/gems/web-console-2.3.0/lib/web_console/templates/_markup.html.erb (0.6ms)
  Rendered /home/whales/.rvm/gems/ruby-2.3.1/gems/web-console-2.3.0/lib/web_console/templates/_inner_console_markup.html.erb within layouts/inlined_string (0.2ms)
  Rendered /home/whales/.rvm/gems/ruby-2.3.1/gems/web-console-2.3.0/lib/web_console/templates/_prompt_box_markup.html.erb within layouts/inlined_string (0.4ms)
  Rendered /home/whales/.rvm/gems/ruby-2.3.1/gems/web-console-2.3.0/lib/web_console/templates/style.css.erb within layouts/inlined_string (0.4ms)
  Rendered /home/whales/.rvm/gems/ruby-2.3.1/gems/web-console-2.3.0/lib/web_console/templates/console.js.erb within layouts/javascript (19.0ms)
  Rendered /home/whales/.rvm/gems/ruby-2.3.1/gems/web-console-2.3.0/lib/web_console/templates/main.js.erb within layouts/javascript (0.3ms)
  Rendered /home/whales/.rvm/gems/ruby-2.3.1/gems/web-console-2.3.0/lib/web_console/templates/error_page.js.erb within layouts/javascript (0.6ms)
  Rendered /home/whales/.rvm/gems/ruby-2.3.1/gems/web-console-2.3.0/lib/web_console/templates/index.html.erb (45.1ms)
  [1m[36m (135.4ms)[0m  [1mCREATE TABLE "ingredients" ("id" INTEGER PRIMARY KEY AUTOINCREMENT NOT NULL, "name" varchar, "calories" integer, "created_at" datetime NOT NULL, "updated_at" datetime NOT NULL) [0m
  [1m[35m (107.3ms)[0m  CREATE TABLE "sandwiches" ("id" INTEGER PRIMARY KEY AUTOINCREMENT NOT NULL, "name" varchar, "bread_type" varchar, "created_at" datetime NOT NULL, "updated_at" datetime NOT NULL) 
  [1m[36m (99.1ms)[0m  [1mCREATE TABLE "schema_migrations" ("version" varchar NOT NULL) [0m
  [1m[35m (0.2ms)[0m  select sqlite_version(*)
  [1m[36m (74.2ms)[0m  [1mCREATE UNIQUE INDEX "unique_schema_migrations" ON "schema_migrations" ("version")[0m
  [1m[35m (0.2ms)[0m  SELECT version FROM "schema_migrations"
  [1m[36m (53.6ms)[0m  [1mINSERT INTO "schema_migrations" (version) VALUES ('20160208160157')[0m
  [1m[35m (49.2ms)[0m  INSERT INTO "schema_migrations" (version) VALUES ('20160208151610')
  [1m[36m (46.3ms)[0m  [1mDROP TABLE "ingredients"[0m
  [1m[35m (49.6ms)[0m  CREATE TABLE "ingredients" ("id" INTEGER PRIMARY KEY AUTOINCREMENT NOT NULL, "name" varchar, "calories" integer, "created_at" datetime NOT NULL, "updated_at" datetime NOT NULL) 
  [1m[36m (57.4ms)[0m  [1mDROP TABLE "sandwiches"[0m
  [1m[35m (49.7ms)[0m  CREATE TABLE "sandwiches" ("id" INTEGER PRIMARY KEY AUTOINCREMENT NOT NULL, "name" varchar, "bread_type" varchar, "created_at" datetime NOT NULL, "updated_at" datetime NOT NULL) 
  [1m[36m (0.2ms)[0m  [1mSELECT version FROM "schema_migrations"[0m
  [1m[35mActiveRecord::SchemaMigration Load (0.2ms)[0m  SELECT "schema_migrations".* FROM "schema_migrations"


Started GET "/" for 127.0.0.1 at 2016-07-17 21:56:46 -0400
  [1m[36mActiveRecord::SchemaMigration Load (0.3ms)[0m  [1mSELECT "schema_migrations".* FROM "schema_migrations"[0m
Processing by Rails::WelcomeController#index as HTML
  Rendered /home/whales/.rvm/gems/ruby-2.3.1/gems/railties-4.2.5/lib/rails/templates/rails/welcome/index.html.erb (1.1ms)
Completed 200 OK in 5ms (Views: 5.3ms | ActiveRecord: 0.0ms)


Started GET "/sandwich" for 127.0.0.1 at 2016-07-17 21:56:56 -0400

ActionController::RoutingError (No route matches [GET] "/sandwich"):
  actionpack (4.2.5) lib/action_dispatch/middleware/debug_exceptions.rb:21:in `call'
  web-console (2.3.0) lib/web_console/middleware.rb:28:in `block in call'
  web-console (2.3.0) lib/web_console/middleware.rb:18:in `catch'
  web-console (2.3.0) lib/web_console/middleware.rb:18:in `call'
  actionpack (4.2.5) lib/action_dispatch/middleware/show_exceptions.rb:30:in `call'
  railties (4.2.5) lib/rails/rack/logger.rb:38:in `call_app'
  railties (4.2.5) lib/rails/rack/logger.rb:20:in `block in call'
  activesupport (4.2.5) lib/active_support/tagged_logging.rb:68:in `block in tagged'
  activesupport (4.2.5) lib/active_support/tagged_logging.rb:26:in `tagged'
  activesupport (4.2.5) lib/active_support/tagged_logging.rb:68:in `tagged'
  railties (4.2.5) lib/rails/rack/logger.rb:20:in `call'
  actionpack (4.2.5) lib/action_dispatch/middleware/request_id.rb:21:in `call'
  rack (1.6.4) lib/rack/methodoverride.rb:22:in `call'
  rack (1.6.4) lib/rack/runtime.rb:18:in `call'
  activesupport (4.2.5) lib/active_support/cache/strategy/local_cache_middleware.rb:28:in `call'
  rack (1.6.4) lib/rack/lock.rb:17:in `call'
  actionpack (4.2.5) lib/action_dispatch/middleware/static.rb:116:in `call'
  rack (1.6.4) lib/rack/sendfile.rb:113:in `call'
  railties (4.2.5) lib/rails/engine.rb:518:in `call'
  railties (4.2.5) lib/rails/application.rb:165:in `call'
  rack (1.6.4) lib/rack/lock.rb:17:in `call'
  rack (1.6.4) lib/rack/content_length.rb:15:in `call'
  rack (1.6.4) lib/rack/handler/webrick.rb:88:in `service'
  /home/whales/.rvm/rubies/ruby-2.3.1/lib/ruby/2.3.0/webrick/httpserver.rb:140:in `service'
  /home/whales/.rvm/rubies/ruby-2.3.1/lib/ruby/2.3.0/webrick/httpserver.rb:96:in `run'
  /home/whales/.rvm/rubies/ruby-2.3.1/lib/ruby/2.3.0/webrick/server.rb:296:in `block in start_thread'


  Rendered /home/whales/.rvm/gems/ruby-2.3.1/gems/actionpack-4.2.5/lib/action_dispatch/middleware/templates/rescues/_trace.html.erb (2.4ms)
  Rendered /home/whales/.rvm/gems/ruby-2.3.1/gems/actionpack-4.2.5/lib/action_dispatch/middleware/templates/routes/_route.html.erb (2.8ms)
  Rendered /home/whales/.rvm/gems/ruby-2.3.1/gems/actionpack-4.2.5/lib/action_dispatch/middleware/templates/routes/_table.html.erb (16.3ms)
  Rendered /home/whales/.rvm/gems/ruby-2.3.1/gems/actionpack-4.2.5/lib/action_dispatch/middleware/templates/rescues/_request_and_response.html.erb (27.0ms)
  Rendered /home/whales/.rvm/gems/ruby-2.3.1/gems/actionpack-4.2.5/lib/action_dispatch/middleware/templates/rescues/routing_error.html.erb within rescues/layout (200.9ms)
  Rendered /home/whales/.rvm/gems/ruby-2.3.1/gems/web-console-2.3.0/lib/web_console/templates/_markup.html.erb (0.4ms)
  Rendered /home/whales/.rvm/gems/ruby-2.3.1/gems/web-console-2.3.0/lib/web_console/templates/_inner_console_markup.html.erb within layouts/inlined_string (0.5ms)
  Rendered /home/whales/.rvm/gems/ruby-2.3.1/gems/web-console-2.3.0/lib/web_console/templates/_prompt_box_markup.html.erb within layouts/inlined_string (0.4ms)
  Rendered /home/whales/.rvm/gems/ruby-2.3.1/gems/web-console-2.3.0/lib/web_console/templates/style.css.erb within layouts/inlined_string (0.5ms)
  Rendered /home/whales/.rvm/gems/ruby-2.3.1/gems/web-console-2.3.0/lib/web_console/templates/console.js.erb within layouts/javascript (21.1ms)
  Rendered /home/whales/.rvm/gems/ruby-2.3.1/gems/web-console-2.3.0/lib/web_console/templates/main.js.erb within layouts/javascript (0.3ms)
  Rendered /home/whales/.rvm/gems/ruby-2.3.1/gems/web-console-2.3.0/lib/web_console/templates/error_page.js.erb within layouts/javascript (0.5ms)
  Rendered /home/whales/.rvm/gems/ruby-2.3.1/gems/web-console-2.3.0/lib/web_console/templates/index.html.erb (39.9ms)


Started GET "/sandwiches" for 127.0.0.1 at 2016-07-17 21:57:07 -0400
Processing by SandwichesController#index as HTML
  [1m[35mSandwich Load (0.2ms)[0m  SELECT "sandwiches".* FROM "sandwiches"
Completed 200 OK in 4ms (Views: 1.4ms | ActiveRecord: 0.5ms)


Started GET "/ingredients" for 127.0.0.1 at 2016-07-17 21:57:15 -0400
Processing by IngredientsController#index as HTML
  [1m[36mIngredient Load (0.2ms)[0m  [1mSELECT "ingredients".* FROM "ingredients"[0m
Completed 200 OK in 4ms (Views: 1.2ms | ActiveRecord: 0.4ms)


Started GET "/ingredients/new" for 127.0.0.1 at 2016-07-17 21:58:22 -0400

AbstractController::ActionNotFound (The action 'new' could not be found for IngredientsController):
  actionpack (4.2.5) lib/abstract_controller/base.rb:132:in `process'
  actionview (4.2.5) lib/action_view/rendering.rb:30:in `process'
  actionpack (4.2.5) lib/action_controller/metal.rb:196:in `dispatch'
  actionpack (4.2.5) lib/action_controller/metal/rack_delegation.rb:13:in `dispatch'
  actionpack (4.2.5) lib/action_controller/metal.rb:237:in `block in action'
  actionpack (4.2.5) lib/action_dispatch/routing/route_set.rb:76:in `dispatch'
  actionpack (4.2.5) lib/action_dispatch/routing/route_set.rb:45:in `serve'
  actionpack (4.2.5) lib/action_dispatch/journey/router.rb:43:in `block in serve'
  actionpack (4.2.5) lib/action_dispatch/journey/router.rb:30:in `each'
  actionpack (4.2.5) lib/action_dispatch/journey/router.rb:30:in `serve'
  actionpack (4.2.5) lib/action_dispatch/routing/route_set.rb:817:in `call'
  rack (1.6.4) lib/rack/etag.rb:24:in `call'
  rack (1.6.4) lib/rack/conditionalget.rb:25:in `call'
  rack (1.6.4) lib/rack/head.rb:13:in `call'
  actionpack (4.2.5) lib/action_dispatch/middleware/params_parser.rb:27:in `call'
  actionpack (4.2.5) lib/action_dispatch/middleware/flash.rb:260:in `call'
  rack (1.6.4) lib/rack/session/abstract/id.rb:225:in `context'
  rack (1.6.4) lib/rack/session/abstract/id.rb:220:in `call'
  actionpack (4.2.5) lib/action_dispatch/middleware/cookies.rb:560:in `call'
  activerecord (4.2.5) lib/active_record/query_cache.rb:36:in `call'
  activerecord (4.2.5) lib/active_record/connection_adapters/abstract/connection_pool.rb:653:in `call'
  activerecord (4.2.5) lib/active_record/migration.rb:377:in `call'
  actionpack (4.2.5) lib/action_dispatch/middleware/callbacks.rb:29:in `block in call'
  activesupport (4.2.5) lib/active_support/callbacks.rb:88:in `__run_callbacks__'
  activesupport (4.2.5) lib/active_support/callbacks.rb:778:in `_run_call_callbacks'
  activesupport (4.2.5) lib/active_support/callbacks.rb:81:in `run_callbacks'
  actionpack (4.2.5) lib/action_dispatch/middleware/callbacks.rb:27:in `call'
  actionpack (4.2.5) lib/action_dispatch/middleware/reloader.rb:73:in `call'
  actionpack (4.2.5) lib/action_dispatch/middleware/remote_ip.rb:78:in `call'
  actionpack (4.2.5) lib/action_dispatch/middleware/debug_exceptions.rb:17:in `call'
  web-console (2.3.0) lib/web_console/middleware.rb:28:in `block in call'
  web-console (2.3.0) lib/web_console/middleware.rb:18:in `catch'
  web-console (2.3.0) lib/web_console/middleware.rb:18:in `call'
  actionpack (4.2.5) lib/action_dispatch/middleware/show_exceptions.rb:30:in `call'
  railties (4.2.5) lib/rails/rack/logger.rb:38:in `call_app'
  railties (4.2.5) lib/rails/rack/logger.rb:20:in `block in call'
  activesupport (4.2.5) lib/active_support/tagged_logging.rb:68:in `block in tagged'
  activesupport (4.2.5) lib/active_support/tagged_logging.rb:26:in `tagged'
  activesupport (4.2.5) lib/active_support/tagged_logging.rb:68:in `tagged'
  railties (4.2.5) lib/rails/rack/logger.rb:20:in `call'
  actionpack (4.2.5) lib/action_dispatch/middleware/request_id.rb:21:in `call'
  rack (1.6.4) lib/rack/methodoverride.rb:22:in `call'
  rack (1.6.4) lib/rack/runtime.rb:18:in `call'
  activesupport (4.2.5) lib/active_support/cache/strategy/local_cache_middleware.rb:28:in `call'
  rack (1.6.4) lib/rack/lock.rb:17:in `call'
  actionpack (4.2.5) lib/action_dispatch/middleware/static.rb:116:in `call'
  rack (1.6.4) lib/rack/sendfile.rb:113:in `call'
  railties (4.2.5) lib/rails/engine.rb:518:in `call'
  railties (4.2.5) lib/rails/application.rb:165:in `call'
  rack (1.6.4) lib/rack/lock.rb:17:in `call'
  rack (1.6.4) lib/rack/content_length.rb:15:in `call'
  rack (1.6.4) lib/rack/handler/webrick.rb:88:in `service'
  /home/whales/.rvm/rubies/ruby-2.3.1/lib/ruby/2.3.0/webrick/httpserver.rb:140:in `service'
  /home/whales/.rvm/rubies/ruby-2.3.1/lib/ruby/2.3.0/webrick/httpserver.rb:96:in `run'
  /home/whales/.rvm/rubies/ruby-2.3.1/lib/ruby/2.3.0/webrick/server.rb:296:in `block in start_thread'


  Rendered /home/whales/.rvm/gems/ruby-2.3.1/gems/actionpack-4.2.5/lib/action_dispatch/middleware/templates/rescues/unknown_action.html.erb within rescues/layout (0.6ms)
  Rendered /home/whales/.rvm/gems/ruby-2.3.1/gems/web-console-2.3.0/lib/web_console/templates/_markup.html.erb (0.5ms)
  Rendered /home/whales/.rvm/gems/ruby-2.3.1/gems/web-console-2.3.0/lib/web_console/templates/_inner_console_markup.html.erb within layouts/inlined_string (0.4ms)
  Rendered /home/whales/.rvm/gems/ruby-2.3.1/gems/web-console-2.3.0/lib/web_console/templates/_prompt_box_markup.html.erb within layouts/inlined_string (0.5ms)
  Rendered /home/whales/.rvm/gems/ruby-2.3.1/gems/web-console-2.3.0/lib/web_console/templates/style.css.erb within layouts/inlined_string (0.5ms)
  Rendered /home/whales/.rvm/gems/ruby-2.3.1/gems/web-console-2.3.0/lib/web_console/templates/console.js.erb within layouts/javascript (20.5ms)
  Rendered /home/whales/.rvm/gems/ruby-2.3.1/gems/web-console-2.3.0/lib/web_console/templates/main.js.erb within layouts/javascript (0.3ms)
  Rendered /home/whales/.rvm/gems/ruby-2.3.1/gems/web-console-2.3.0/lib/web_console/templates/error_page.js.erb within layouts/javascript (0.5ms)
  Rendered /home/whales/.rvm/gems/ruby-2.3.1/gems/web-console-2.3.0/lib/web_console/templates/index.html.erb (41.5ms)


Started GET "/sandwiches/new" for 127.0.0.1 at 2016-07-17 21:58:31 -0400

AbstractController::ActionNotFound (The action 'new' could not be found for SandwichesController):
  actionpack (4.2.5) lib/abstract_controller/base.rb:132:in `process'
  actionview (4.2.5) lib/action_view/rendering.rb:30:in `process'
  actionpack (4.2.5) lib/action_controller/metal.rb:196:in `dispatch'
  actionpack (4.2.5) lib/action_controller/metal/rack_delegation.rb:13:in `dispatch'
  actionpack (4.2.5) lib/action_controller/metal.rb:237:in `block in action'
  actionpack (4.2.5) lib/action_dispatch/routing/route_set.rb:76:in `dispatch'
  actionpack (4.2.5) lib/action_dispatch/routing/route_set.rb:45:in `serve'
  actionpack (4.2.5) lib/action_dispatch/journey/router.rb:43:in `block in serve'
  actionpack (4.2.5) lib/action_dispatch/journey/router.rb:30:in `each'
  actionpack (4.2.5) lib/action_dispatch/journey/router.rb:30:in `serve'
  actionpack (4.2.5) lib/action_dispatch/routing/route_set.rb:817:in `call'
  rack (1.6.4) lib/rack/etag.rb:24:in `call'
  rack (1.6.4) lib/rack/conditionalget.rb:25:in `call'
  rack (1.6.4) lib/rack/head.rb:13:in `call'
  actionpack (4.2.5) lib/action_dispatch/middleware/params_parser.rb:27:in `call'
  actionpack (4.2.5) lib/action_dispatch/middleware/flash.rb:260:in `call'
  rack (1.6.4) lib/rack/session/abstract/id.rb:225:in `context'
  rack (1.6.4) lib/rack/session/abstract/id.rb:220:in `call'
  actionpack (4.2.5) lib/action_dispatch/middleware/cookies.rb:560:in `call'
  activerecord (4.2.5) lib/active_record/query_cache.rb:36:in `call'
  activerecord (4.2.5) lib/active_record/connection_adapters/abstract/connection_pool.rb:653:in `call'
  activerecord (4.2.5) lib/active_record/migration.rb:377:in `call'
  actionpack (4.2.5) lib/action_dispatch/middleware/callbacks.rb:29:in `block in call'
  activesupport (4.2.5) lib/active_support/callbacks.rb:88:in `__run_callbacks__'
  activesupport (4.2.5) lib/active_support/callbacks.rb:778:in `_run_call_callbacks'
  activesupport (4.2.5) lib/active_support/callbacks.rb:81:in `run_callbacks'
  actionpack (4.2.5) lib/action_dispatch/middleware/callbacks.rb:27:in `call'
  actionpack (4.2.5) lib/action_dispatch/middleware/reloader.rb:73:in `call'
  actionpack (4.2.5) lib/action_dispatch/middleware/remote_ip.rb:78:in `call'
  actionpack (4.2.5) lib/action_dispatch/middleware/debug_exceptions.rb:17:in `call'
  web-console (2.3.0) lib/web_console/middleware.rb:28:in `block in call'
  web-console (2.3.0) lib/web_console/middleware.rb:18:in `catch'
  web-console (2.3.0) lib/web_console/middleware.rb:18:in `call'
  actionpack (4.2.5) lib/action_dispatch/middleware/show_exceptions.rb:30:in `call'
  railties (4.2.5) lib/rails/rack/logger.rb:38:in `call_app'
  railties (4.2.5) lib/rails/rack/logger.rb:20:in `block in call'
  activesupport (4.2.5) lib/active_support/tagged_logging.rb:68:in `block in tagged'
  activesupport (4.2.5) lib/active_support/tagged_logging.rb:26:in `tagged'
  activesupport (4.2.5) lib/active_support/tagged_logging.rb:68:in `tagged'
  railties (4.2.5) lib/rails/rack/logger.rb:20:in `call'
  actionpack (4.2.5) lib/action_dispatch/middleware/request_id.rb:21:in `call'
  rack (1.6.4) lib/rack/methodoverride.rb:22:in `call'
  rack (1.6.4) lib/rack/runtime.rb:18:in `call'
  activesupport (4.2.5) lib/active_support/cache/strategy/local_cache_middleware.rb:28:in `call'
  rack (1.6.4) lib/rack/lock.rb:17:in `call'
  actionpack (4.2.5) lib/action_dispatch/middleware/static.rb:116:in `call'
  rack (1.6.4) lib/rack/sendfile.rb:113:in `call'
  railties (4.2.5) lib/rails/engine.rb:518:in `call'
  railties (4.2.5) lib/rails/application.rb:165:in `call'
  rack (1.6.4) lib/rack/lock.rb:17:in `call'
  rack (1.6.4) lib/rack/content_length.rb:15:in `call'
  rack (1.6.4) lib/rack/handler/webrick.rb:88:in `service'
  /home/whales/.rvm/rubies/ruby-2.3.1/lib/ruby/2.3.0/webrick/httpserver.rb:140:in `service'
  /home/whales/.rvm/rubies/ruby-2.3.1/lib/ruby/2.3.0/webrick/httpserver.rb:96:in `run'
  /home/whales/.rvm/rubies/ruby-2.3.1/lib/ruby/2.3.0/webrick/server.rb:296:in `block in start_thread'


  Rendered /home/whales/.rvm/gems/ruby-2.3.1/gems/actionpack-4.2.5/lib/action_dispatch/middleware/templates/rescues/unknown_action.html.erb within rescues/layout (0.4ms)
  Rendered /home/whales/.rvm/gems/ruby-2.3.1/gems/web-console-2.3.0/lib/web_console/templates/_markup.html.erb (0.7ms)
  Rendered /home/whales/.rvm/gems/ruby-2.3.1/gems/web-console-2.3.0/lib/web_console/templates/_inner_console_markup.html.erb within layouts/inlined_string (0.3ms)
  Rendered /home/whales/.rvm/gems/ruby-2.3.1/gems/web-console-2.3.0/lib/web_console/templates/_prompt_box_markup.html.erb within layouts/inlined_string (0.3ms)
  Rendered /home/whales/.rvm/gems/ruby-2.3.1/gems/web-console-2.3.0/lib/web_console/templates/style.css.erb within layouts/inlined_string (0.4ms)
  Rendered /home/whales/.rvm/gems/ruby-2.3.1/gems/web-console-2.3.0/lib/web_console/templates/console.js.erb within layouts/javascript (16.4ms)
  Rendered /home/whales/.rvm/gems/ruby-2.3.1/gems/web-console-2.3.0/lib/web_console/templates/main.js.erb within layouts/javascript (0.2ms)
  Rendered /home/whales/.rvm/gems/ruby-2.3.1/gems/web-console-2.3.0/lib/web_console/templates/error_page.js.erb within layouts/javascript (0.4ms)
  Rendered /home/whales/.rvm/gems/ruby-2.3.1/gems/web-console-2.3.0/lib/web_console/templates/index.html.erb (33.2ms)
